
**** Build of configuration Debug for project Task2 ****

"C:\\ti\\ccs1040\\ccs\\utils\\bin\\gmake" -k -j 4 all -O 
 
Building file: "D:/Smbe/Coding-for-Embedded-Software/Task1/Core/Src/NIVC.c"
Invoking: Arm Compiler
"C:/ti/ccs1040/ccs/tools/compiler/ti-cgt-arm_20.2.5.LTS/bin/armcl" --code_state=32 --include_path="D:/Smbe/Coding-for-Embedded-Software/Task2" --include_path="D:/Smbe/Coding-for-Embedded-Software/Task1/Core/Inc" --include_path="D:/Smbe/Coding-for-Embedded-Software/Task1/Drivers/CMSIS/Device/ST/STM32F4xx/Include" --include_path="D:/Smbe/Coding-for-Embedded-Software/Task1/Drivers/CMSIS/Include" --include_path="C:/ti/ccs1040/ccs/tools/compiler/ti-cgt-arm_20.2.5.LTS/include" --define=STM32F401xC -g --diag_warning=225 --diag_wrap=off --display_error_number --check_misra="all" --preproc_with_compile --preproc_dependency="Task1/Core/Src/NIVC.d_raw" --obj_directory="Task1/Core/Src"  "D:/Smbe/Coding-for-Embedded-Software/Task1/Core/Src/NIVC.c"
"D:/Smbe/Coding-for-Embedded-Software/Task1/Core/Inc/NIVC.h", line 5: warning #1428-D: (MISRA-C:2004 19.7/A) A function should be used in preference to a function-like macro
"D:/Smbe/Coding-for-Embedded-Software/Task1/Core/Inc/NIVC.h", line 12: warning #1376-D: (MISRA-C:2004 1.1/R) Ensure strict ANSI C mode (-ps) is enabled
"D:/Smbe/Coding-for-Embedded-Software/Task1/Core/Inc/NIVC.h", line 12: warning #1498-D: (MISRA-C:2004 6.3/A) typedefs that indicate size and signedness should be used in place of the basic numerical types
"D:/Smbe/Coding-for-Embedded-Software/Task1/Core/Src/NIVC.c", line 3: warning #1498-D: (MISRA-C:2004 6.3/A) typedefs that indicate size and signedness should be used in place of the basic numerical types
"D:/Smbe/Coding-for-Embedded-Software/Task1/Core/Src/NIVC.c", line 5: warning #1498-D: (MISRA-C:2004 6.3/A) typedefs that indicate size and signedness should be used in place of the basic numerical types
"D:/Smbe/Coding-for-Embedded-Software/Task1/Core/Src/NIVC.c", line 5: warning #1498-D: (MISRA-C:2004 6.3/A) typedefs that indicate size and signedness should be used in place of the basic numerical types
"D:/Smbe/Coding-for-Embedded-Software/Task1/Core/Src/NIVC.c", line 6: warning #1498-D: (MISRA-C:2004 6.3/A) typedefs that indicate size and signedness should be used in place of the basic numerical types
"D:/Smbe/Coding-for-Embedded-Software/Task1/Core/Src/NIVC.c", line 6: warning #1498-D: (MISRA-C:2004 6.3/A) typedefs that indicate size and signedness should be used in place of the basic numerical types
"D:/Smbe/Coding-for-Embedded-Software/Task1/Core/Src/NIVC.c", line 6: warning #1464-D: (MISRA-C:2004 10.6/R) A "U" suffix shall be applied to all constants of unsigned type
"D:/Smbe/Coding-for-Embedded-Software/Task1/Core/Src/NIVC.c", line 6: warning #1393-D: (MISRA-C:2004 10.1/R) The value of an expression of integer type shall not be implicitly converted to a different underlying type if it is not a conversion to a wider integer type of the same signedness
"D:/Smbe/Coding-for-Embedded-Software/Task1/Core/Src/NIVC.c", line 6: warning #1400-D: (MISRA-C:2004 11.3/A) A cast should not be performed between a pointer type and an integral type
"D:/Smbe/Coding-for-Embedded-Software/Task1/Core/Src/NIVC.c", line 6: warning #1498-D: (MISRA-C:2004 6.3/A) typedefs that indicate size and signedness should be used in place of the basic numerical types
"D:/Smbe/Coding-for-Embedded-Software/Task1/Core/Src/NIVC.c", line 6: warning #1498-D: (MISRA-C:2004 6.3/A) typedefs that indicate size and signedness should be used in place of the basic numerical types
"D:/Smbe/Coding-for-Embedded-Software/Task1/Core/Src/NIVC.c", line 6: warning #1498-D: (MISRA-C:2004 6.3/A) typedefs that indicate size and signedness should be used in place of the basic numerical types
"D:/Smbe/Coding-for-Embedded-Software/Task1/Core/Src/NIVC.c", line 6: warning #1498-D: (MISRA-C:2004 6.3/A) typedefs that indicate size and signedness should be used in place of the basic numerical types
"D:/Smbe/Coding-for-Embedded-Software/Task1/Core/Src/NIVC.c", line 6: warning #1393-D: (MISRA-C:2004 10.1/R) The value of an expression of integer type shall not be implicitly converted to a different underlying type if the expression is complex
"D:/Smbe/Coding-for-Embedded-Software/Task1/Core/Src/NIVC.c", line 9: warning #1393-D: (MISRA-C:2004 10.1/R) The value of an expression of integer type shall not be implicitly converted to a different underlying type if it is not a conversion to a wider integer type of the same signedness
"D:/Smbe/Coding-for-Embedded-Software/Task1/Core/Src/NIVC.c", line 9: warning #1393-D: (MISRA-C:2004 10.1/R) The value of an expression of integer type shall not be implicitly converted to a different underlying type if it is not a conversion to a wider integer type of the same signedness
"D:/Smbe/Coding-for-Embedded-Software/Task1/Core/Src/NIVC.c", line 9: warning #1405-D: (MISRA-C:2004 12.5/R) The operands of a logical && or || shall be primary-expressions
"D:/Smbe/Coding-for-Embedded-Software/Task1/Core/Src/NIVC.c", line 9: warning #1405-D: (MISRA-C:2004 12.5/R) The operands of a logical && or || shall be primary-expressions
"D:/Smbe/Coding-for-Embedded-Software/Task1/Core/Src/NIVC.c", line 9: warning #1459-D: (MISRA-C:2004 12.1/A) Limited dependence should be placed on C's operator precedence rules in expressions
"D:/Smbe/Coding-for-Embedded-Software/Task1/Core/Src/NIVC.c", line 10: warning #1498-D: (MISRA-C:2004 6.3/A) typedefs that indicate size and signedness should be used in place of the basic numerical types
"D:/Smbe/Coding-for-Embedded-Software/Task1/Core/Src/NIVC.c", line 10: warning #1498-D: (MISRA-C:2004 6.3/A) typedefs that indicate size and signedness should be used in place of the basic numerical types
"D:/Smbe/Coding-for-Embedded-Software/Task1/Core/Src/NIVC.c", line 10: warning #1464-D: (MISRA-C:2004 10.6/R) A "U" suffix shall be applied to all constants of unsigned type
"D:/Smbe/Coding-for-Embedded-Software/Task1/Core/Src/NIVC.c", line 10: warning #1393-D: (MISRA-C:2004 10.1/R) The value of an expression of integer type shall not be implicitly converted to a different underlying type if it is not a conversion to a wider integer type of the same signedness
"D:/Smbe/Coding-for-Embedded-Software/Task1/Core/Src/NIVC.c", line 10: warning #1400-D: (MISRA-C:2004 11.3/A) A cast should not be performed between a pointer type and an integral type
"D:/Smbe/Coding-for-Embedded-Software/Task1/Core/Src/NIVC.c", line 10: warning #1498-D: (MISRA-C:2004 6.3/A) typedefs that indicate size and signedness should be used in place of the basic numerical types
"D:/Smbe/Coding-for-Embedded-Software/Task1/Core/Src/NIVC.c", line 10: warning #1498-D: (MISRA-C:2004 6.3/A) typedefs that indicate size and signedness should be used in place of the basic numerical types
"D:/Smbe/Coding-for-Embedded-Software/Task1/Core/Src/NIVC.c", line 10: warning #1498-D: (MISRA-C:2004 6.3/A) typedefs that indicate size and signedness should be used in place of the basic numerical types
"D:/Smbe/Coding-for-Embedded-Software/Task1/Core/Src/NIVC.c", line 10: warning #1393-D: (MISRA-C:2004 10.1/R) The value of an expression of integer type shall not be implicitly converted to a different underlying type if the expression is complex
"D:/Smbe/Coding-for-Embedded-Software/Task1/Core/Src/NIVC.c", line 14: warning #1498-D: (MISRA-C:2004 6.3/A) typedefs that indicate size and signedness should be used in place of the basic numerical types
"D:/Smbe/Coding-for-Embedded-Software/Task1/Core/Src/NIVC.c", line 14: warning #1498-D: (MISRA-C:2004 6.3/A) typedefs that indicate size and signedness should be used in place of the basic numerical types
"D:/Smbe/Coding-for-Embedded-Software/Task1/Core/Src/NIVC.c", line 14: warning #1464-D: (MISRA-C:2004 10.6/R) A "U" suffix shall be applied to all constants of unsigned type
"D:/Smbe/Coding-for-Embedded-Software/Task1/Core/Src/NIVC.c", line 14: warning #1393-D: (MISRA-C:2004 10.1/R) The value of an expression of integer type shall not be implicitly converted to a different underlying type if it is not a conversion to a wider integer type of the same signedness
"D:/Smbe/Coding-for-Embedded-Software/Task1/Core/Src/NIVC.c", line 14: warning #1400-D: (MISRA-C:2004 11.3/A) A cast should not be performed between a pointer type and an integral type
"D:/Smbe/Coding-for-Embedded-Software/Task1/Core/Src/NIVC.c", line 14: warning #1498-D: (MISRA-C:2004 6.3/A) typedefs that indicate size and signedness should be used in place of the basic numerical types
"D:/Smbe/Coding-for-Embedded-Software/Task1/Core/Src/NIVC.c", line 14: warning #1498-D: (MISRA-C:2004 6.3/A) typedefs that indicate size and signedness should be used in place of the basic numerical types
"D:/Smbe/Coding-for-Embedded-Software/Task1/Core/Src/NIVC.c", line 14: warning #1498-D: (MISRA-C:2004 6.3/A) typedefs that indicate size and signedness should be used in place of the basic numerical types
"D:/Smbe/Coding-for-Embedded-Software/Task1/Core/Src/NIVC.c", line 14: warning #1393-D: (MISRA-C:2004 10.1/R) The value of an expression of integer type shall not be implicitly converted to a different underlying type if the expression is complex
Finished building: "D:/Smbe/Coding-for-Embedded-Software/Task1/Core/Src/NIVC.c"
 
Building file: "D:/Smbe/Coding-for-Embedded-Software/Task1/Core/Src/main.c"
Invoking: Arm Compiler
"C:/ti/ccs1040/ccs/tools/compiler/ti-cgt-arm_20.2.5.LTS/bin/armcl" --code_state=32 --include_path="D:/Smbe/Coding-for-Embedded-Software/Task2" --include_path="D:/Smbe/Coding-for-Embedded-Software/Task1/Core/Inc" --include_path="D:/Smbe/Coding-for-Embedded-Software/Task1/Drivers/CMSIS/Device/ST/STM32F4xx/Include" --include_path="D:/Smbe/Coding-for-Embedded-Software/Task1/Drivers/CMSIS/Include" --include_path="C:/ti/ccs1040/ccs/tools/compiler/ti-cgt-arm_20.2.5.LTS/include" --define=STM32F401xC -g --diag_warning=225 --diag_wrap=off --display_error_number --check_misra="all" --preproc_with_compile --preproc_dependency="Task1/Core/Src/main.d_raw" --obj_directory="Task1/Core/Src"  "D:/Smbe/Coding-for-Embedded-Software/Task1/Core/Src/main.c"
"D:/Smbe/Coding-for-Embedded-Software/Task1/Core/Inc/GPIO.h", line 32: warning #1428-D: (MISRA-C:2004 19.7/A) A function should be used in preference to a function-like macro
"D:/Smbe/Coding-for-Embedded-Software/Task1/Core/Inc/GPIO.h", line 64: warning #1376-D: (MISRA-C:2004 1.1/R) Ensure strict ANSI C mode (-ps) is enabled
"D:/Smbe/Coding-for-Embedded-Software/Task1/Core/Inc/TIMER.h", line 6: warning #1498-D: (MISRA-C:2004 6.3/A) typedefs that indicate size and signedness should be used in place of the basic numerical types
"D:/Smbe/Coding-for-Embedded-Software/Task1/Core/Inc/TIMER.h", line 6: warning #1498-D: (MISRA-C:2004 6.3/A) typedefs that indicate size and signedness should be used in place of the basic numerical types
"D:/Smbe/Coding-for-Embedded-Software/Task1/Core/Inc/TIMER.h", line 15: warning #1428-D: (MISRA-C:2004 19.7/A) A function should be used in preference to a function-like macro
"D:/Smbe/Coding-for-Embedded-Software/Task1/Core/Inc/TIMER.h", line 17: warning #1428-D: (MISRA-C:2004 19.7/A) A function should be used in preference to a function-like macro
"D:/Smbe/Coding-for-Embedded-Software/Task1/Core/Inc/TIMER.h", line 17: warning #1430-D: (MISRA-C:2004 19.10/R) In the definition of a function-like macro each instance of a parameter shall be enclosed in parentheses unless it is used as the operand of # or ##. The compiler cannot determine if the parameter "id" is used as an operand of # or ##.
"D:/Smbe/Coding-for-Embedded-Software/Task1/Core/Inc/TIMER.h", line 18: warning #1428-D: (MISRA-C:2004 19.7/A) A function should be used in preference to a function-like macro
"D:/Smbe/Coding-for-Embedded-Software/Task1/Core/Inc/TIMER.h", line 18: warning #1430-D: (MISRA-C:2004 19.10/R) In the definition of a function-like macro each instance of a parameter shall be enclosed in parentheses unless it is used as the operand of # or ##. The compiler cannot determine if the parameter "id" is used as an operand of # or ##.
"D:/Smbe/Coding-for-Embedded-Software/Task1/Core/Inc/TIMER.h", line 19: warning #1428-D: (MISRA-C:2004 19.7/A) A function should be used in preference to a function-like macro
"D:/Smbe/Coding-for-Embedded-Software/Task1/Core/Inc/TIMER.h", line 19: warning #1430-D: (MISRA-C:2004 19.10/R) In the definition of a function-like macro each instance of a parameter shall be enclosed in parentheses unless it is used as the operand of # or ##. The compiler cannot determine if the parameter "id" is used as an operand of # or ##.
"D:/Smbe/Coding-for-Embedded-Software/Task1/Core/Inc/TIMER.h", line 20: warning #1428-D: (MISRA-C:2004 19.7/A) A function should be used in preference to a function-like macro
"D:/Smbe/Coding-for-Embedded-Software/Task1/Core/Inc/TIMER.h", line 20: warning #1430-D: (MISRA-C:2004 19.10/R) In the definition of a function-like macro each instance of a parameter shall be enclosed in parentheses unless it is used as the operand of # or ##. The compiler cannot determine if the parameter "id" is used as an operand of # or ##.
"D:/Smbe/Coding-for-Embedded-Software/Task1/Core/Inc/TIMER.h", line 21: warning #1428-D: (MISRA-C:2004 19.7/A) A function should be used in preference to a function-like macro
"D:/Smbe/Coding-for-Embedded-Software/Task1/Core/Inc/TIMER.h", line 21: warning #1430-D: (MISRA-C:2004 19.10/R) In the definition of a function-like macro each instance of a parameter shall be enclosed in parentheses unless it is used as the operand of # or ##. The compiler cannot determine if the parameter "id" is used as an operand of # or ##.
"D:/Smbe/Coding-for-Embedded-Software/Task1/Core/Inc/TIMER.h", line 22: warning #1428-D: (MISRA-C:2004 19.7/A) A function should be used in preference to a function-like macro
"D:/Smbe/Coding-for-Embedded-Software/Task1/Core/Inc/TIMER.h", line 22: warning #1430-D: (MISRA-C:2004 19.10/R) In the definition of a function-like macro each instance of a parameter shall be enclosed in parentheses unless it is used as the operand of # or ##. The compiler cannot determine if the parameter "id" is used as an operand of # or ##.
"D:/Smbe/Coding-for-Embedded-Software/Task1/Core/Inc/TIMER.h", line 23: warning #1428-D: (MISRA-C:2004 19.7/A) A function should be used in preference to a function-like macro
"D:/Smbe/Coding-for-Embedded-Software/Task1/Core/Inc/TIMER.h", line 23: warning #1430-D: (MISRA-C:2004 19.10/R) In the definition of a function-like macro each instance of a parameter shall be enclosed in parentheses unless it is used as the operand of # or ##. The compiler cannot determine if the parameter "id" is used as an operand of # or ##.
"D:/Smbe/Coding-for-Embedded-Software/Task1/Core/Inc/TIMER.h", line 24: warning #1428-D: (MISRA-C:2004 19.7/A) A function should be used in preference to a function-like macro
"D:/Smbe/Coding-for-Embedded-Software/Task1/Core/Inc/TIMER.h", line 24: warning #1430-D: (MISRA-C:2004 19.10/R) In the definition of a function-like macro each instance of a parameter shall be enclosed in parentheses unless it is used as the operand of # or ##. The compiler cannot determine if the parameter "id" is used as an operand of # or ##.
"D:/Smbe/Coding-for-Embedded-Software/Task1/Core/Inc/TIMER.h", line 25: warning #1428-D: (MISRA-C:2004 19.7/A) A function should be used in preference to a function-like macro
"D:/Smbe/Coding-for-Embedded-Software/Task1/Core/Inc/TIMER.h", line 25: warning #1430-D: (MISRA-C:2004 19.10/R) In the definition of a function-like macro each instance of a parameter shall be enclosed in parentheses unless it is used as the operand of # or ##. The compiler cannot determine if the parameter "id" is used as an operand of # or ##.
"D:/Smbe/Coding-for-Embedded-Software/Task1/Core/Inc/TIMER.h", line 26: warning #1428-D: (MISRA-C:2004 19.7/A) A function should be used in preference to a function-like macro
"D:/Smbe/Coding-for-Embedded-Software/Task1/Core/Inc/TIMER.h", line 26: warning #1430-D: (MISRA-C:2004 19.10/R) In the definition of a function-like macro each instance of a parameter shall be enclosed in parentheses unless it is used as the operand of # or ##. The compiler cannot determine if the parameter "id" is used as an operand of # or ##.
"D:/Smbe/Coding-for-Embedded-Software/Task1/Core/Inc/TIMER.h", line 27: warning #1428-D: (MISRA-C:2004 19.7/A) A function should be used in preference to a function-like macro
"D:/Smbe/Coding-for-Embedded-Software/Task1/Core/Inc/TIMER.h", line 27: warning #1430-D: (MISRA-C:2004 19.10/R) In the definition of a function-like macro each instance of a parameter shall be enclosed in parentheses unless it is used as the operand of # or ##. The compiler cannot determine if the parameter "id" is used as an operand of # or ##.
"D:/Smbe/Coding-for-Embedded-Software/Task1/Core/Inc/TIMER.h", line 28: warning #1428-D: (MISRA-C:2004 19.7/A) A function should be used in preference to a function-like macro
"D:/Smbe/Coding-for-Embedded-Software/Task1/Core/Inc/TIMER.h", line 28: warning #1430-D: (MISRA-C:2004 19.10/R) In the definition of a function-like macro each instance of a parameter shall be enclosed in parentheses unless it is used as the operand of # or ##. The compiler cannot determine if the parameter "id" is used as an operand of # or ##.
"D:/Smbe/Coding-for-Embedded-Software/Task1/Core/Inc/NIVC.h", line 5: warning #1428-D: (MISRA-C:2004 19.7/A) A function should be used in preference to a function-like macro
"D:/Smbe/Coding-for-Embedded-Software/Task1/Core/Inc/NIVC.h", line 12: warning #1498-D: (MISRA-C:2004 6.3/A) typedefs that indicate size and signedness should be used in place of the basic numerical types
"D:/Smbe/Coding-for-Embedded-Software/Task1/Core/Inc/main.h", line 5: warning #1498-D: (MISRA-C:2004 6.3/A) typedefs that indicate size and signedness should be used in place of the basic numerical types
"D:/Smbe/Coding-for-Embedded-Software/Task1/Core/Src/main.c", line 8: warning #1498-D: (MISRA-C:2004 6.3/A) typedefs that indicate size and signedness should be used in place of the basic numerical types
"D:/Smbe/Coding-for-Embedded-Software/Task1/Core/Src/main.c", line 10: warning #1498-D: (MISRA-C:2004 6.3/A) typedefs that indicate size and signedness should be used in place of the basic numerical types
"D:/Smbe/Coding-for-Embedded-Software/Task1/Core/Src/main.c", line 15: warning #1393-D: (MISRA-C:2004 10.1/R) The value of an expression of integer type shall not be implicitly converted to a different underlying type if the expression is not constant and is a function argument
"D:/Smbe/Coding-for-Embedded-Software/Task1/Core/Src/main.c", line 15: warning #1393-D: (MISRA-C:2004 10.1/R) The value of an expression of integer type shall not be implicitly converted to a different underlying type if the expression is not constant and is a function argument
"D:/Smbe/Coding-for-Embedded-Software/Task1/Core/Src/main.c", line 15: warning #1393-D: (MISRA-C:2004 10.1/R) The value of an expression of integer type shall not be implicitly converted to a different underlying type if the expression is not constant and is a function argument
"D:/Smbe/Coding-for-Embedded-Software/Task1/Core/Src/main.c", line 27: warning #1498-D: (MISRA-C:2004 6.3/A) typedefs that indicate size and signedness should be used in place of the basic numerical types
"D:/Smbe/Coding-for-Embedded-Software/Task1/Core/Src/main.c", line 27: warning #1393-D: (MISRA-C:2004 10.1/R) The value of an expression of integer type shall not be implicitly converted to a different underlying type if it is not a conversion to a wider integer type of the same signedness
"D:/Smbe/Coding-for-Embedded-Software/Task1/Core/Src/main.c", line 27: warning #1393-D: (MISRA-C:2004 10.1/R) The value of an expression of integer type shall not be implicitly converted to a different underlying type if it is not a conversion to a wider integer type of the same signedness
"D:/Smbe/Coding-for-Embedded-Software/Task1/Core/Src/main.c", line 27: warning #1400-D: (MISRA-C:2004 11.3/A) A cast should not be performed between a pointer type and an integral type
"D:/Smbe/Coding-for-Embedded-Software/Task1/Core/Src/main.c", line 27: warning #1397-D: (MISRA-C:2004 10.5/R) If the bitwise operators ~ and << are applied to an operand of underlying type unsigned char or unsigned short, the result shall be immediately cast to the underlying type of the operand
"D:/Smbe/Coding-for-Embedded-Software/Task1/Core/Src/main.c", line 34: warning #1498-D: (MISRA-C:2004 6.3/A) typedefs that indicate size and signedness should be used in place of the basic numerical types
"D:/Smbe/Coding-for-Embedded-Software/Task1/Core/Src/main.c", line 34: warning #1393-D: (MISRA-C:2004 10.1/R) The value of an expression of integer type shall not be implicitly converted to a different underlying type if it is not a conversion to a wider integer type of the same signedness
"D:/Smbe/Coding-for-Embedded-Software/Task1/Core/Src/main.c", line 34: warning #1393-D: (MISRA-C:2004 10.1/R) The value of an expression of integer type shall not be implicitly converted to a different underlying type if it is not a conversion to a wider integer type of the same signedness
"D:/Smbe/Coding-for-Embedded-Software/Task1/Core/Src/main.c", line 34: warning #1400-D: (MISRA-C:2004 11.3/A) A cast should not be performed between a pointer type and an integral type
"D:/Smbe/Coding-for-Embedded-Software/Task1/Core/Src/main.c", line 34: warning #1397-D: (MISRA-C:2004 10.5/R) If the bitwise operators ~ and << are applied to an operand of underlying type unsigned char or unsigned short, the result shall be immediately cast to the underlying type of the operand
Finished building: "D:/Smbe/Coding-for-Embedded-Software/Task1/Core/Src/main.c"
 
Building target: "Task2.out"
Invoking: Arm Linker
"C:/ti/ccs1040/ccs/tools/compiler/ti-cgt-arm_20.2.5.LTS/bin/armcl" --code_state=32 --define=STM32F401xC -g --diag_warning=225 --diag_wrap=off --display_error_number --check_misra="all" -z -m"Task2.map" -i"C:/ti/ccs1040/ccs/tools/compiler/ti-cgt-arm_20.2.5.LTS/lib" -i"C:/ti/ccs1040/ccs/tools/compiler/ti-cgt-arm_20.2.5.LTS/include" --reread_libs --diag_wrap=off --display_error_number --warn_sections --xml_link_info="Task2_linkInfo.xml" --rom_model -o "Task2.out" "./Task1/Core/Src/GPIO.obj" "./Task1/Core/Src/NIVC.obj" "./Task1/Core/Src/TIMER.obj" "./Task1/Core/Src/main.obj" "./Task1/Core/Src/system_stm32f4xx.obj"  
<Linking>
warning #10247-D: creating output section ".text" without a SECTIONS specification
warning #10247-D: creating output section ".data" without a SECTIONS specification
warning #10247-D: creating output section ".cinit" without a SECTIONS specification
warning #10210-D: creating ".stack" section with default size of 0x800; use the -stack option to change the default size
Finished building target: "Task2.out"
 

**** Build Finished ****
